{
  "RSpec": {
    "coverage": {
      "/mnt/c/Users/rebec/OneDrive/Documentos/CAMAAR/app/models/form.rb": {
        "lines": [
          1,
          1,
          null,
          null,
          null,
          1,
          null,
          1,
          1,
          null
        ]
      },
      "/mnt/c/Users/rebec/OneDrive/Documentos/CAMAAR/app/models/application_record.rb": {
        "lines": [
          1,
          1,
          null
        ]
      },
      "/mnt/c/Users/rebec/OneDrive/Documentos/CAMAAR/app/models/response.rb": {
        "lines": [
          null,
          1,
          1,
          1,
          1,
          null
        ]
      },
      "/mnt/c/Users/rebec/OneDrive/Documentos/CAMAAR/app/models/template.rb": {
        "lines": [
          1,
          null,
          null,
          1,
          null,
          1,
          null
        ]
      },
      "/mnt/c/Users/rebec/OneDrive/Documentos/CAMAAR/app/models/user.rb": {
        "lines": [
          1,
          1,
          null,
          1,
          1,
          11,
          null,
          1,
          1,
          null,
          1,
          34,
          34,
          null,
          null
        ]
      },
      "/mnt/c/Users/rebec/OneDrive/Documentos/CAMAAR/app/controllers/passwords_controller.rb": {
        "lines": [
          null,
          null,
          1,
          1,
          null,
          null,
          1,
          1,
          null,
          null,
          null,
          1,
          3,
          null,
          3,
          1,
          null,
          2,
          null,
          null,
          null,
          1,
          null,
          null,
          1,
          3,
          3,
          null,
          null,
          null,
          1,
          1,
          1,
          null,
          null,
          null,
          1,
          2,
          2,
          null
        ]
      },
      "/mnt/c/Users/rebec/OneDrive/Documentos/CAMAAR/app/controllers/application_controller.rb": {
        "lines": [
          1,
          null,
          1,
          null,
          1,
          1,
          null,
          1,
          null,
          1,
          34,
          null,
          null,
          1,
          32,
          null,
          null,
          1,
          32,
          null,
          0,
          null,
          null
        ]
      },
      "/mnt/c/Users/rebec/OneDrive/Documentos/CAMAAR/app/helpers/application_helper.rb": {
        "lines": [
          1,
          null
        ]
      },
      "/mnt/c/Users/rebec/OneDrive/Documentos/CAMAAR/app/helpers/forms_helper.rb": {
        "lines": [
          1,
          null
        ]
      },
      "/mnt/c/Users/rebec/OneDrive/Documentos/CAMAAR/app/helpers/imports_helper.rb": {
        "lines": [
          1,
          null
        ]
      },
      "/mnt/c/Users/rebec/OneDrive/Documentos/CAMAAR/app/helpers/passwords_helper.rb": {
        "lines": [
          1,
          null
        ]
      },
      "/mnt/c/Users/rebec/OneDrive/Documentos/CAMAAR/app/helpers/reports_helper.rb": {
        "lines": [
          1,
          null
        ]
      },
      "/mnt/c/Users/rebec/OneDrive/Documentos/CAMAAR/app/helpers/responses_helper.rb": {
        "lines": [
          1,
          null
        ]
      },
      "/mnt/c/Users/rebec/OneDrive/Documentos/CAMAAR/app/helpers/sessions_helper.rb": {
        "lines": [
          1,
          null
        ]
      },
      "/mnt/c/Users/rebec/OneDrive/Documentos/CAMAAR/app/helpers/templates_helper.rb": {
        "lines": [
          1,
          null
        ]
      },
      "/mnt/c/Users/rebec/OneDrive/Documentos/CAMAAR/app/controllers/sessions_controller.rb": {
        "lines": [
          1,
          1,
          1,
          null,
          1,
          null,
          null,
          1,
          34,
          null,
          34,
          33,
          33,
          null,
          1,
          1,
          null,
          null,
          null,
          1,
          1,
          1,
          null,
          null
        ]
      },
      "/mnt/c/Users/rebec/OneDrive/Documentos/CAMAAR/app/controllers/responses_controller.rb": {
        "lines": [
          null,
          null,
          1,
          1,
          null,
          null,
          1,
          1,
          null,
          null,
          null,
          1,
          null,
          null,
          null,
          1,
          1,
          null,
          null,
          null,
          1,
          null,
          null,
          null,
          1,
          1,
          1,
          null,
          1,
          1,
          null,
          null,
          null,
          null,
          1,
          1,
          null,
          1,
          1,
          null,
          null,
          null,
          null,
          1,
          1,
          null,
          1,
          2,
          1,
          null,
          null,
          null,
          1,
          null,
          1,
          4,
          null,
          null,
          1,
          2,
          null,
          null,
          null,
          1,
          2,
          4,
          2,
          null,
          0,
          0,
          null,
          null
        ]
      },
      "/mnt/c/Users/rebec/OneDrive/Documentos/CAMAAR/app/controllers/imports_controller.rb": {
        "lines": [
          null,
          1,
          1,
          null,
          null,
          1,
          1,
          null,
          1,
          1,
          1,
          null,
          0,
          null,
          null,
          null,
          1,
          null,
          1,
          null,
          1,
          null,
          null,
          null,
          null,
          null,
          null,
          null,
          1,
          null,
          null,
          null,
          null,
          null,
          null,
          null,
          1,
          null
        ]
      },
      "/mnt/c/Users/rebec/OneDrive/Documentos/CAMAAR/app/controllers/forms_controller.rb": {
        "lines": [
          1,
          1,
          null,
          null,
          1,
          1,
          null,
          null,
          null,
          1,
          null,
          null,
          null,
          1,
          1,
          null,
          null,
          null,
          1,
          null,
          null,
          null,
          1,
          2,
          null,
          2,
          2,
          2,
          1,
          null,
          2,
          1,
          null,
          null,
          null,
          null,
          null,
          1,
          2,
          2,
          2,
          1,
          null,
          2,
          1,
          null,
          null,
          null,
          null,
          null,
          1,
          1,
          null,
          1,
          2,
          1,
          null,
          null,
          null,
          1,
          null,
          1,
          5,
          null,
          null,
          null,
          1,
          4,
          null,
          null
        ]
      },
      "/mnt/c/Users/rebec/OneDrive/Documentos/CAMAAR/app/controllers/templates_controller.rb": {
        "lines": [
          null,
          null,
          1,
          1,
          null,
          null,
          1,
          1,
          null,
          null,
          null,
          1,
          null,
          null,
          null,
          1,
          1,
          null,
          null,
          null,
          1,
          null,
          null,
          null,
          1,
          2,
          null,
          2,
          1,
          null,
          1,
          null,
          null,
          null,
          null,
          1,
          2,
          1,
          null,
          1,
          null,
          null,
          null,
          null,
          1,
          2,
          null,
          1,
          1,
          null,
          null,
          1,
          null,
          1,
          6,
          null,
          null,
          1,
          4,
          null,
          null,
          null,
          null,
          1,
          1,
          2,
          1,
          null,
          null,
          null,
          1,
          1,
          2,
          1,
          null,
          null,
          null,
          1,
          2,
          4,
          2,
          null,
          null,
          null,
          1,
          1,
          2,
          1,
          null,
          null,
          null,
          1,
          1,
          2,
          1,
          null,
          null
        ]
      },
      "/mnt/c/Users/rebec/OneDrive/Documentos/CAMAAR/app/controllers/reports_controller.rb": {
        "lines": [
          1,
          1,
          3,
          1,
          2,
          1,
          1,
          null,
          null,
          null
        ]
      },
      "/mnt/c/Users/rebec/OneDrive/Documentos/CAMAAR/app/jobs/application_job.rb": {
        "lines": [
          0,
          null,
          null,
          null,
          null,
          null,
          0
        ],
        "branches": {}
      },
      "/mnt/c/Users/rebec/OneDrive/Documentos/CAMAAR/app/mailers/application_mailer.rb": {
        "lines": [
          0,
          0,
          0,
          0
        ],
        "branches": {}
      }
    },
    "timestamp": 1782807359
  },
  "Unit Tests": {
    "coverage": {
      "/mnt/c/Users/rebec/OneDrive/Documentos/CAMAAR/app/models/form.rb": {
        "lines": [
          1,
          1,
          null,
          null,
          null,
          1,
          null,
          1,
          1,
          null
        ]
      },
      "/mnt/c/Users/rebec/OneDrive/Documentos/CAMAAR/app/models/application_record.rb": {
        "lines": [
          1,
          1,
          null
        ]
      },
      "/mnt/c/Users/rebec/OneDrive/Documentos/CAMAAR/app/models/response.rb": {
        "lines": [
          null,
          1,
          1,
          1,
          1,
          null
        ]
      },
      "/mnt/c/Users/rebec/OneDrive/Documentos/CAMAAR/app/models/template.rb": {
        "lines": [
          1,
          null,
          null,
          1,
          null,
          1,
          null
        ]
      },
      "/mnt/c/Users/rebec/OneDrive/Documentos/CAMAAR/app/models/user.rb": {
        "lines": [
          1,
          1,
          null,
          1,
          1,
          1,
          null,
          1,
          1,
          null,
          1,
          9,
          9,
          null,
          null
        ]
      },
      "/mnt/c/Users/rebec/OneDrive/Documentos/CAMAAR/app/controllers/sessions_controller.rb": {
        "lines": [
          1,
          1,
          1,
          null,
          1,
          null,
          null,
          1,
          9,
          null,
          9,
          9,
          9,
          null,
          0,
          0,
          null,
          null,
          null,
          1,
          0,
          0,
          null,
          null
        ]
      },
      "/mnt/c/Users/rebec/OneDrive/Documentos/CAMAAR/app/controllers/application_controller.rb": {
        "lines": [
          1,
          null,
          1,
          null,
          1,
          1,
          null,
          1,
          null,
          1,
          11,
          null,
          null,
          1,
          9,
          null,
          null,
          1,
          9,
          null,
          0,
          null,
          null
        ]
      },
      "/mnt/c/Users/rebec/OneDrive/Documentos/CAMAAR/app/helpers/application_helper.rb": {
        "lines": [
          1,
          null
        ]
      },
      "/mnt/c/Users/rebec/OneDrive/Documentos/CAMAAR/app/helpers/forms_helper.rb": {
        "lines": [
          1,
          null
        ]
      },
      "/mnt/c/Users/rebec/OneDrive/Documentos/CAMAAR/app/helpers/imports_helper.rb": {
        "lines": [
          1,
          null
        ]
      },
      "/mnt/c/Users/rebec/OneDrive/Documentos/CAMAAR/app/helpers/passwords_helper.rb": {
        "lines": [
          1,
          null
        ]
      },
      "/mnt/c/Users/rebec/OneDrive/Documentos/CAMAAR/app/helpers/reports_helper.rb": {
        "lines": [
          1,
          null
        ]
      },
      "/mnt/c/Users/rebec/OneDrive/Documentos/CAMAAR/app/helpers/responses_helper.rb": {
        "lines": [
          1,
          null
        ]
      },
      "/mnt/c/Users/rebec/OneDrive/Documentos/CAMAAR/app/helpers/sessions_helper.rb": {
        "lines": [
          1,
          null
        ]
      },
      "/mnt/c/Users/rebec/OneDrive/Documentos/CAMAAR/app/helpers/templates_helper.rb": {
        "lines": [
          1,
          null
        ]
      },
      "/mnt/c/Users/rebec/OneDrive/Documentos/CAMAAR/app/controllers/forms_controller.rb": {
        "lines": [
          1,
          1,
          null,
          null,
          1,
          1,
          null,
          null,
          null,
          1,
          null,
          null,
          null,
          1,
          1,
          null,
          null,
          null,
          1,
          null,
          null,
          null,
          1,
          2,
          null,
          2,
          2,
          2,
          1,
          null,
          2,
          1,
          null,
          null,
          null,
          null,
          null,
          1,
          2,
          2,
          2,
          1,
          null,
          2,
          1,
          null,
          null,
          null,
          null,
          null,
          1,
          1,
          null,
          1,
          2,
          1,
          null,
          null,
          null,
          1,
          null,
          1,
          5,
          null,
          null,
          null,
          1,
          4,
          null,
          null
        ]
      },
      "/mnt/c/Users/rebec/OneDrive/Documentos/CAMAAR/app/controllers/imports_controller.rb": {
        "lines": [
          null,
          0,
          0,
          0,
          null,
          0,
          0,
          null,
          0,
          0,
          0,
          0,
          0,
          0,
          0,
          null,
          0,
          null,
          0,
          null,
          0,
          0,
          0,
          0,
          0,
          0,
          0,
          null,
          0,
          0,
          0,
          0,
          0,
          0,
          0,
          null,
          0,
          0,
          0
        ],
        "branches": {}
      },
      "/mnt/c/Users/rebec/OneDrive/Documentos/CAMAAR/app/controllers/passwords_controller.rb": {
        "lines": [
          null,
          null,
          0,
          0,
          null,
          null,
          0,
          0,
          0,
          null,
          null,
          0,
          0,
          null,
          0,
          0,
          0,
          0,
          0,
          0,
          null,
          0,
          null,
          null,
          0,
          0,
          0,
          0,
          null,
          null,
          0,
          0,
          0,
          0,
          null,
          null,
          0,
          0,
          0,
          0,
          0
        ],
        "branches": {}
      },
      "/mnt/c/Users/rebec/OneDrive/Documentos/CAMAAR/app/controllers/reports_controller.rb": {
        "lines": [
          0,
          0,
          0,
          0,
          0,
          0,
          0,
          0,
          0,
          0
        ],
        "branches": {}
      },
      "/mnt/c/Users/rebec/OneDrive/Documentos/CAMAAR/app/controllers/responses_controller.rb": {
        "lines": [
          null,
          null,
          0,
          0,
          null,
          null,
          0,
          0,
          0,
          null,
          null,
          0,
          0,
          null,
          null,
          0,
          0,
          0,
          null,
          null,
          0,
          0,
          null,
          null,
          0,
          0,
          0,
          null,
          0,
          0,
          0,
          0,
          null,
          null,
          0,
          0,
          null,
          0,
          0,
          0,
          0,
          null,
          null,
          0,
          0,
          null,
          0,
          0,
          0,
          0,
          0,
          null,
          0,
          null,
          0,
          0,
          0,
          null,
          0,
          0,
          0,
          null,
          null,
          0,
          0,
          0,
          0,
          0,
          0,
          0,
          0,
          0,
          0
        ],
        "branches": {}
      },
      "/mnt/c/Users/rebec/OneDrive/Documentos/CAMAAR/app/controllers/templates_controller.rb": {
        "lines": [
          null,
          null,
          0,
          0,
          null,
          null,
          0,
          0,
          0,
          null,
          null,
          0,
          0,
          null,
          null,
          0,
          0,
          0,
          null,
          null,
          0,
          0,
          null,
          null,
          0,
          0,
          null,
          0,
          0,
          0,
          0,
          0,
          0,
          null,
          null,
          0,
          0,
          0,
          0,
          0,
          0,
          0,
          null,
          null,
          0,
          0,
          null,
          0,
          0,
          0,
          null,
          0,
          null,
          0,
          0,
          0,
          null,
          0,
          0,
          0,
          null,
          null,
          null,
          0,
          0,
          0,
          0,
          0,
          0,
          null,
          0,
          0,
          0,
          0,
          0,
          0,
          null,
          0,
          0,
          0,
          0,
          0,
          0,
          null,
          0,
          0,
          0,
          0,
          0,
          0,
          null,
          0,
          0,
          0,
          0,
          0,
          0,
          0
        ],
        "branches": {}
      },
      "/mnt/c/Users/rebec/OneDrive/Documentos/CAMAAR/app/jobs/application_job.rb": {
        "lines": [
          0,
          null,
          null,
          null,
          null,
          null,
          0
        ],
        "branches": {}
      },
      "/mnt/c/Users/rebec/OneDrive/Documentos/CAMAAR/app/mailers/application_mailer.rb": {
        "lines": [
          0,
          0,
          0,
          0
        ],
        "branches": {}
      }
    },
    "timestamp": 1782807322
  }
}
